Flow report for gpc
Mon May  6 22:55:30 2019
Quartus Prime Version 16.0.0 Build 211 04/27/2016 SJ Lite Edition


---------------------
; Table of Contents ;
---------------------
  1. Legal Notice
  2. Flow Summary
  3. Flow Settings
  4. Flow Non-Default Global Settings
  5. Flow Elapsed Time
  6. Flow OS Summary
  7. Flow Log
  8. Flow Messages
  9. Flow Suppressed Messages



----------------
; Legal Notice ;
----------------
Copyright (C) 1991-2016 Altera Corporation. All rights reserved.
Your use of Altera Corporation's design tools, logic functions 
and other software and tools, and its AMPP partner logic 
functions, and any output files from any of the foregoing 
(including device programming or simulation files), and any 
associated documentation or information are expressly subject 
to the terms and conditions of the Altera Program License 
Subscription Agreement, the Altera Quartus Prime License Agreement,
the Altera MegaCore Function License Agreement, or other 
applicable license agreement, including, without limitation, 
that your use is for the sole purpose of programming logic 
devices manufactured by Altera and sold by Altera or its 
authorized distributors.  Please refer to the applicable 
agreement for further details.



+---------------------------------------------------------------------+
; Flow Summary                                                        ;
+-----------------------+---------------------------------------------+
; Flow Status           ; Successful - Mon May  6 22:55:30 2019       ;
; Quartus Prime Version ; 16.0.0 Build 211 04/27/2016 SJ Lite Edition ;
; Revision Name         ; gpc                                         ;
; Top-level Entity Name ; gpc                                         ;
; Family                ; MAX V                                       ;
; Device                ; 5M1270ZT144C5                               ;
; Timing Models         ; Final                                       ;
; Total logic elements  ; 0 / 1,270 ( 0 % )                           ;
; Total pins            ; 1 / 114 ( < 1 % )                           ;
; Total virtual pins    ; 0                                           ;
; UFM blocks            ; 0 / 1 ( 0 % )                               ;
+-----------------------+---------------------------------------------+


+-----------------------------------------+
; Flow Settings                           ;
+-------------------+---------------------+
; Option            ; Setting             ;
+-------------------+---------------------+
; Start date & time ; 05/06/2019 22:55:12 ;
; Main task         ; Compilation         ;
; Revision Name     ; gpc                 ;
+-------------------+---------------------+


+------------------------------------------------------------------------------------------------------------+
; Flow Non-Default Global Settings                                                                           ;
+-------------------------------+-----------------------------+---------------+-------------+----------------+
; Assignment Name               ; Value                       ; Default Value ; Entity Name ; Section Id     ;
+-------------------------------+-----------------------------+---------------+-------------+----------------+
; COMPILER_SIGNATURE_ID         ; 0.155716351228709           ; --            ; --          ; --             ;
; EDA_OUTPUT_DATA_FORMAT        ; Vhdl                        ; --            ; --          ; eda_simulation ;
; EDA_SIMULATION_TOOL           ; ModelSim-Altera (VHDL)      ; <None>        ; --          ; --             ;
; EDA_TIME_SCALE                ; 1 ps                        ; --            ; --          ; eda_simulation ;
; MAX_CORE_JUNCTION_TEMP        ; 85                          ; --            ; --          ; --             ;
; MIN_CORE_JUNCTION_TEMP        ; 0                           ; --            ; --          ; --             ;
; POWER_PRESET_COOLING_SOLUTION ; No Heat Sink With Still Air ; --            ; --          ; --             ;
; PROJECT_OUTPUT_DIRECTORY      ; output_files                ; --            ; --          ; --             ;
+-------------------------------+-----------------------------+---------------+-------------+----------------+


+-------------------------------------------------------------------------------------------------------------------------------+
; Flow Elapsed Time                                                                                                             ;
+---------------------------+--------------+-------------------------+---------------------+------------------------------------+
; Module Name               ; Elapsed Time ; Average Processors Used ; Peak Virtual Memory ; Total CPU Time (on all processors) ;
+---------------------------+--------------+-------------------------+---------------------+------------------------------------+
; Analysis & Synthesis      ; 00:00:14     ; 1.0                     ; 1237 MB             ; 00:00:30                           ;
; Fitter                    ; 00:00:01     ; 1.0                     ; 1268 MB             ; 00:00:01                           ;
; Assembler                 ; 00:00:00     ; 1.0                     ; 1039 MB             ; 00:00:00                           ;
; TimeQuest Timing Analyzer ; 00:00:00     ; 1.0                     ; 998 MB              ; 00:00:01                           ;
; EDA Netlist Writer        ; 00:00:00     ; 1.0                     ; 1280 MB             ; 00:00:00                           ;
; Total                     ; 00:00:15     ; --                      ; --                  ; 00:00:32                           ;
+---------------------------+--------------+-------------------------+---------------------+------------------------------------+


+---------------------------------------------------------------------------------------------+
; Flow OS Summary                                                                             ;
+---------------------------+------------------+----------------+------------+----------------+
; Module Name               ; Machine Hostname ; OS Name        ; OS Version ; Processor type ;
+---------------------------+------------------+----------------+------------+----------------+
; Analysis & Synthesis      ; atharv-laptop    ; Ubuntu 16.04.5 ; 16         ; x86_64         ;
; Fitter                    ; atharv-laptop    ; Ubuntu 16.04.5 ; 16         ; x86_64         ;
; Assembler                 ; atharv-laptop    ; Ubuntu 16.04.5 ; 16         ; x86_64         ;
; TimeQuest Timing Analyzer ; atharv-laptop    ; Ubuntu 16.04.5 ; 16         ; x86_64         ;
; EDA Netlist Writer        ; atharv-laptop    ; Ubuntu 16.04.5 ; 16         ; x86_64         ;
+---------------------------+------------------+----------------+------------+----------------+


------------
; Flow Log ;
------------
quartus_map --read_settings_files=on --write_settings_files=off Processor -c gpc
quartus_fit --read_settings_files=off --write_settings_files=off Processor -c gpc
quartus_asm --read_settings_files=off --write_settings_files=off Processor -c gpc
quartus_sta Processor -c gpc
quartus_eda --read_settings_files=off --write_settings_files=off Processor -c gpc



